<?xml version="1.0" encoding="UTF-8"?>
<!-- Generated by org.testng.reporters.JUnitReportReporter -->
<testsuite hostname="LAPTOP-H9M8V3TF" failures="0" tests="1" name="UIValidation.REQ001A" time="0.552" errors="0" timestamp="2025-04-07T14:12:47 SGT" skipped="0">
  <testcase classname="UIValidation.REQ001A" name="verifyDifferentRequestTypesAndEndpoints" time="0.552"/>
</testsuite> <!-- UIValidation.REQ001A -->
