<?xml version="1.0" encoding="UTF-8"?>
<!-- Generated by org.testng.reporters.JUnitReportReporter -->
<testsuite hostname="LAPTOP-H9M8V3TF" failures="0" tests="3" name="UIValidation.REQ001B_SUPPORTUPGRADE" time="3.703" errors="0" timestamp="2025-04-07T14:12:47 SGT" skipped="0">
  <testcase classname="UIValidation.REQ001B_SUPPORTUPGRADE" name="testSupportOptions" time="0.070"/>
  <testcase classname="UIValidation.REQ001B_SUPPORTUPGRADE" name="testUpgrade" time="3.352"/>
  <testcase classname="UIValidation.REQ001B_SUPPORTUPGRADE" name="testSupportButton" time="0.281"/>
</testsuite> <!-- UIValidation.REQ001B_SUPPORTUPGRADE -->
