<?xml version="1.0" encoding="UTF-8"?>
<!-- Generated by org.testng.reporters.JUnitReportReporter -->
<testsuite hostname="LAPTOP-H9M8V3TF" failures="0" tests="1" name="UIValidation.REQ001B" time="37.106" errors="0" timestamp="2025-04-07T14:12:47 SGT" skipped="0">
  <testcase classname="UIValidation.REQ001B" name="verifyEndpointDetails" time="37.106"/>
</testsuite> <!-- UIValidation.REQ001B -->
